2022-07-12 20:17:08,206,root,INFO,This is my task for various Datatypes Operations
2022-07-12 20:17:08,206,root,INFO,WE are about to extact list from the given collection
2022-07-12 20:17:08,206,root,INFO,List are extracted - [[1, 2, 3, 4]]
2022-07-12 20:17:08,206,root,INFO,List are extracted - [[1, 2, 3, 4], ['ineuron', 'data science ']]
2022-07-12 20:17:08,206,root,INFO,We are extracting dictionary from the given collection
2022-07-12 20:17:08,206,root,INFO,Extracted dic is - {'k1': 'sudh', 'k2': 'ineuron', 'k3': 'kumar', 3: 6, 7: 8}
2022-07-12 20:17:08,206,root,INFO,Trying to extract tuple from the given collection
2022-07-12 20:17:08,206,root,INFO,Extracted tuple is - (2, 3, 4, 5, 6)
2022-07-12 20:17:08,206,root,INFO,Extracted tuple is - (3, 4, 5, 6, 7)
2022-07-12 20:17:08,206,root,INFO,trying to get the sum of the numerical data from the collection
2022-07-12 20:17:08,206,root,INFO,sum of numerical data is - 132
2022-07-12 20:17:08,206,root,INFO,sum of numerical data is - 132
2022-07-12 20:17:08,206,root,INFO,sum of numerical data is - 132
2022-07-12 20:17:08,206,root,INFO,sum of numerical data is - 141
2022-07-12 20:17:08,206,root,INFO,sum of numerical data is - 156
2022-07-12 20:17:08,206,root,INFO,trying to get the odd values from the numerical data which is part of List:
2022-07-12 20:17:08,206,root,INFO,Odd value - [1]
2022-07-12 20:17:08,206,root,INFO,Odd value - [1, 3]
2022-07-12 20:17:08,206,root,INFO,Trying to extract Ineuron from the collection
2022-07-12 20:17:08,206,root,INFO,extracted list is - []
2022-07-12 20:17:08,206,root,INFO,extracted list is - []
2022-07-12 20:17:08,206,root,INFO,extracted list is - []
2022-07-12 20:17:08,206,root,INFO,extracted list is - ['ineuron']
2022-07-12 20:17:08,206,root,INFO,extracted list is - ['ineuron']
2022-07-12 20:17:08,206,root,INFO,extracted list is - ['ineuron']
2022-07-12 20:17:08,206,root,INFO,extracted list is - ['ineuron']
2022-07-12 20:17:08,206,root,INFO,extracted list is - ['ineuron']
2022-07-12 20:17:08,206,root,INFO,extracted list is - ['ineuron']
2022-07-12 20:17:08,206,root,INFO,extracted list is - ['ineuron']
2022-07-12 20:17:08,206,root,INFO,Trying to find out number of ocurrences of the data in the given collecton
2022-07-12 20:17:08,206,root,INFO,Successfully get the ocurrencs 
2022-07-12 20:17:08,206,root,INFO,trying to get the no of keys in dic element
2022-07-12 20:17:08,206,root,INFO,length of dict elemnent is - 5
2022-07-12 20:17:08,206,root,INFO,Trying to filter out all the string data from the given collection
2022-07-12 20:17:08,206,root,INFO,string data from the collection are: - ['k1', 'sudh', 'k2', 'ineuron', 'k3', 'kumar']
2022-07-12 20:17:08,222,root,INFO,trying to find out the alpha numerical data from the given collection
2022-07-12 20:17:08,222,root,INFO,The multiplication result for all list elements is - 24 
2022-07-12 20:17:08,222,root,INFO,The multiplication result for all tuple elements is - 1814400 
2022-07-12 20:17:08,222,root,INFO,The multiplication result for all set elements is - 20700
2022-07-12 20:17:08,222,root,INFO,The multiplication result for all dict elements is - 1008 
2022-07-12 20:17:08,222,root,INFO,trying to unwrap all the collection
2022-07-12 20:17:08,222,root,INFO,flat list is - [1, 2, 3, 4, 2, 3, 4, 5, 6, 3, 4, 5, 6, 7, 45, 4, 5, 23, 'k1', 'sudh', 'k2', 'ineuron', 'k3', 'kumar', 3, 6, 7, 8, 'ineuron', 'data science ']
